2019-03-27 15:48:56,117 zlqqt_desired_caps.py[line:30] INFO 启动app，开始测试...
2019-03-27 15:48:56,117 zlqqt_common.py[line:20] INFO ============Click the "allow access" popup box================
2019-03-27 15:48:56,584 zlqqt_common.py[line:24] INFO permitBtn is not found!
2019-03-27 15:48:56,585 zlqqt_common.py[line:35] INFO 点击确定按钮...
2019-03-27 15:48:56,967 zlqqt_common.py[line:41] INFO click confirmBtn
2019-03-27 15:48:58,274 zlqqt_common.py[line:46] INFO 开始滑动
2019-03-27 15:49:04,524 zlqqt_common.py[line:53] INFO 点击立即体验
2019-03-27 15:49:04,723 zlqqtSetServer.py[line:23] INFO 点击行情...
2019-03-27 15:49:16,611 zlqqtSetServer.py[line:29] INFO 点击搜索...
2019-03-27 15:49:17,480 zlqqtSetServer.py[line:34] INFO 输入zztzt...
2019-03-27 15:56:16,593 zlqqt_desired_caps.py[line:30] INFO 启动app，开始测试...
2019-03-27 15:56:16,594 zlqqt_common.py[line:20] INFO ============Click the "allow access" popup box================
2019-03-27 15:56:16,913 zlqqt_common.py[line:24] INFO permitBtn is not found!
2019-03-27 15:56:16,914 zlqqt_common.py[line:35] INFO 点击确定按钮...
2019-03-27 15:56:16,986 zlqqt_common.py[line:41] INFO click confirmBtn
2019-03-27 15:56:18,872 zlqqt_common.py[line:46] INFO 开始滑动
2019-03-27 15:56:27,502 zlqqt_common.py[line:53] INFO 点击立即体验
2019-03-27 15:56:27,870 zlqqtSetServer.py[line:23] INFO 点击行情...
2019-03-27 15:56:34,211 zlqqtSetServer.py[line:29] INFO 点击搜索...
2019-03-27 15:56:35,449 zlqqtSetServer.py[line:34] INFO 输入zztzt...
2019-03-27 16:02:36,452 zlqqt_desired_caps.py[line:30] INFO 启动app，开始测试...
2019-03-27 16:02:36,452 zlqqt_common.py[line:20] INFO ============Click the "allow access" popup box================
2019-03-27 16:02:37,042 zlqqt_common.py[line:24] INFO permitBtn is not found!
2019-03-27 16:02:37,043 zlqqt_common.py[line:35] INFO 点击确定按钮...
2019-03-27 16:02:37,077 zlqqt_common.py[line:41] INFO click confirmBtn
2019-03-27 16:02:38,425 zlqqt_common.py[line:46] INFO 开始滑动
2019-03-27 16:02:44,559 zlqqt_common.py[line:53] INFO 点击立即体验
2019-03-27 16:02:44,695 zlqqtSetServer.py[line:23] INFO 点击行情...
2019-03-27 16:02:46,281 zlqqtSetServer.py[line:29] INFO 点击搜索...
2019-03-27 16:02:52,084 zlqqtSetServer.py[line:34] INFO 输入zztzt...
2019-03-27 16:26:19,083 zlqqt_desired_caps.py[line:30] INFO 启动app，开始测试...
2019-03-27 16:26:19,084 zlqqt_common.py[line:20] INFO ============Click the "allow access" popup box================
2019-03-27 16:26:20,144 zlqqt_common.py[line:24] INFO permitBtn is not found!
2019-03-27 16:26:20,144 zlqqt_common.py[line:35] INFO 点击确定按钮...
2019-03-27 16:26:20,176 zlqqt_common.py[line:41] INFO click confirmBtn
2019-03-27 16:26:22,142 zlqqt_common.py[line:46] INFO 开始滑动
2019-03-27 16:26:28,465 zlqqt_common.py[line:53] INFO 点击立即体验
2019-03-27 16:26:28,760 zlqqtSetServer.py[line:23] INFO 点击行情...
2019-03-27 16:26:37,406 zlqqtSetServer.py[line:29] INFO 点击搜索...
2019-03-27 16:26:38,211 zlqqtSetServer.py[line:34] INFO 输入zztzt...
2019-03-27 16:26:47,099 zlqqtSetServer.py[line:41] INFO 取消勾选交易按钮...
2019-03-27 16:26:50,412 zlqqtSetServer.py[line:46] INFO 取消勾选资讯按钮...
2019-03-27 17:39:59,978 zlqqt_desired_caps.py[line:30] INFO 启动app，开始测试...
2019-03-27 17:39:59,979 zlqqt_common.py[line:20] INFO 点击允许获取权限按钮
2019-03-27 17:40:00,564 zlqqt_common.py[line:24] INFO permitBtn is not found!
2019-03-27 17:40:00,564 zlqqt_common.py[line:35] INFO 点击确定按钮...
2019-03-27 17:40:00,589 zlqqt_common.py[line:41] INFO click confirmBtn
2019-03-27 17:40:01,879 zlqqt_common.py[line:46] INFO 开始滑动
2019-03-27 17:40:08,056 zlqqt_common.py[line:53] INFO 点击立即体验
2019-03-27 17:40:08,203 zlqqtSetServer.py[line:28] INFO 点击行情...
2019-03-27 17:40:10,730 zlqqtSetServer.py[line:34] INFO 点击搜索...
2019-03-27 17:40:14,820 zlqqtSetServer.py[line:39] INFO 输入zztzt...
2019-03-27 17:40:20,042 zlqqtSetServer.py[line:44] INFO 取消勾选交易按钮...
2019-03-27 17:40:25,299 zlqqtSetServer.py[line:49] INFO 取消勾选资讯按钮...
2019-03-27 17:40:25,658 zlqqtSetServer.py[line:54] INFO 输入ip...
2019-03-27 17:40:40,589 zlqqtSetServer.py[line:60] INFO 输入行情port...
2019-03-27 17:41:01,327 zlqqtSetServer.py[line:65] INFO 添加行情ip和端口号...
2019-03-27 17:47:29,599 zlqqt_desired_caps.py[line:30] INFO 启动app，开始测试...
2019-03-27 17:47:29,599 zlqqt_common.py[line:20] INFO 点击允许获取权限按钮
2019-03-27 17:47:30,279 zlqqt_common.py[line:24] INFO permitBtn is not found!
2019-03-27 17:47:30,279 zlqqt_common.py[line:35] INFO 点击确定按钮...
2019-03-27 17:47:30,304 zlqqt_common.py[line:41] INFO click confirmBtn
2019-03-27 17:47:31,812 zlqqt_common.py[line:46] INFO 开始滑动
2019-03-27 17:47:38,766 zlqqt_common.py[line:53] INFO 点击立即体验
2019-03-27 17:47:38,900 zlqqtSetServer.py[line:28] INFO 点击行情...
2019-03-27 17:47:41,455 zlqqtSetServer.py[line:34] INFO 点击搜索...
2019-03-27 17:47:47,116 zlqqtSetServer.py[line:39] INFO 输入zztzt...
2019-03-27 17:47:52,265 zlqqtSetServer.py[line:44] INFO 取消勾选交易按钮...
2019-03-27 17:47:55,112 zlqqtSetServer.py[line:49] INFO 取消勾选资讯按钮...
2019-03-27 17:47:55,340 zlqqtSetServer.py[line:54] INFO 输入ip...
2019-03-27 17:48:02,109 zlqqtSetServer.py[line:60] INFO 输入行情port...
2019-03-27 17:48:07,737 zlqqtSetServer.py[line:65] INFO 添加行情ip和端口号...
2019-03-28 09:39:05,329 zlqqt_desired_caps.py[line:30] INFO ===================启动app，开始测试=======================
2019-03-28 09:39:05,350 zlqqt_common.py[line:20] INFO 点击允许获取权限按钮
2019-03-28 09:39:05,883 zlqqt_common.py[line:24] INFO permitBtn is not found!
2019-03-28 09:39:05,883 zlqqt_common.py[line:35] INFO 点击确定按钮...
2019-03-28 09:39:05,920 zlqqt_common.py[line:41] INFO click confirmBtn
2019-03-28 09:39:07,337 zlqqt_common.py[line:46] INFO 开始滑动
2019-03-28 09:39:14,022 zlqqt_common.py[line:53] INFO 点击立即体验
2019-03-28 09:39:14,179 zlqqtSetServer.py[line:64] INFO 取消勾选行情按钮...
2019-03-28 09:40:25,124 zlqqt_desired_caps.py[line:30] INFO ===================启动app，开始测试=======================
2019-03-28 09:40:25,125 zlqqt_common.py[line:20] INFO 点击允许获取权限按钮
2019-03-28 09:40:26,194 zlqqt_common.py[line:24] INFO permitBtn is not found!
2019-03-28 09:40:26,194 zlqqt_common.py[line:35] INFO 点击确定按钮...
2019-03-28 09:40:26,215 zlqqt_common.py[line:41] INFO click confirmBtn
2019-03-28 09:40:27,791 zlqqt_common.py[line:46] INFO 开始滑动
2019-03-28 09:40:34,904 zlqqt_common.py[line:53] INFO 点击立即体验
2019-03-28 09:40:35,032 zlqqtSetServer.py[line:64] INFO 取消勾选行情按钮...
2019-03-28 09:42:23,557 zlqqt_desired_caps.py[line:30] INFO ===================启动app，开始测试=======================
2019-03-28 09:42:23,558 zlqqt_common.py[line:20] INFO 点击允许获取权限按钮
2019-03-28 09:42:23,859 zlqqt_common.py[line:24] INFO permitBtn is not found!
2019-03-28 09:42:23,860 zlqqt_common.py[line:35] INFO 点击确定按钮...
2019-03-28 09:42:23,892 zlqqt_common.py[line:41] INFO click confirmBtn
2019-03-28 09:42:25,389 zlqqt_common.py[line:46] INFO 开始滑动
2019-03-28 09:42:32,673 zlqqt_common.py[line:53] INFO 点击立即体验
2019-03-28 09:42:32,825 zlqqtSetServer.py[line:64] INFO 取消勾选行情按钮...
2019-03-28 09:44:20,599 zlqqt_desired_caps.py[line:30] INFO ===================启动app，开始测试=======================
2019-03-28 09:44:20,600 zlqqt_common.py[line:20] INFO 点击允许获取权限按钮
2019-03-28 09:44:20,957 zlqqt_common.py[line:24] INFO permitBtn is not found!
2019-03-28 09:44:20,957 zlqqt_common.py[line:35] INFO 点击确定按钮...
2019-03-28 09:44:20,992 zlqqt_common.py[line:41] INFO click confirmBtn
2019-03-28 09:44:22,333 zlqqt_common.py[line:46] INFO 开始滑动
2019-03-28 09:44:29,222 zlqqt_common.py[line:53] INFO 点击立即体验
2019-03-28 09:44:29,365 zlqqtSetServer.py[line:64] INFO 取消勾选行情按钮...
2019-03-28 09:49:16,339 zlqqt_desired_caps.py[line:30] INFO ===================启动app，开始测试=======================
2019-03-28 09:49:16,340 zlqqt_common.py[line:20] INFO 点击允许获取权限按钮
2019-03-28 09:49:16,634 zlqqt_common.py[line:24] INFO permitBtn is not found!
2019-03-28 09:49:16,635 zlqqt_common.py[line:35] INFO 点击确定按钮...
2019-03-28 09:49:16,667 zlqqt_common.py[line:41] INFO click confirmBtn
2019-03-28 09:49:18,071 zlqqt_common.py[line:46] INFO 开始滑动
2019-03-28 09:49:25,078 zlqqt_common.py[line:53] INFO 点击立即体验
2019-03-28 09:49:25,242 zlqqtSetServer.py[line:38] INFO 点击行情...
2019-03-28 09:49:30,672 zlqqtSetServer.py[line:44] INFO 点击搜索...
2019-03-28 09:49:31,255 zlqqtSetServer.py[line:49] INFO 输入zztzt...
2019-03-28 09:49:43,527 zlqqtSetServer.py[line:54] INFO 取消勾选交易按钮...
2019-03-28 09:49:50,906 zlqqtSetServer.py[line:59] INFO 取消勾选资讯按钮...
2019-03-28 09:49:51,713 zlqqtSetServer.py[line:69] INFO 输入ip...
2019-03-28 10:01:36,269 zlqqt_desired_caps.py[line:30] INFO ===================启动app，开始测试=======================
2019-03-28 10:01:36,270 zlqqt_common.py[line:20] INFO 点击允许获取权限按钮
2019-03-28 10:01:37,347 zlqqt_common.py[line:24] INFO permitBtn is not found!
2019-03-28 10:01:37,347 zlqqt_common.py[line:35] INFO 点击确定按钮...
2019-03-28 10:01:37,366 zlqqt_common.py[line:41] INFO click confirmBtn
2019-03-28 10:01:39,731 zlqqt_common.py[line:46] INFO 开始滑动
2019-03-28 10:01:48,364 zlqqt_common.py[line:53] INFO 点击立即体验
2019-03-28 10:01:48,494 zlqqtSetServer.py[line:38] INFO 点击行情...
2019-03-28 10:01:54,369 zlqqtSetServer.py[line:44] INFO 点击搜索...
2019-03-28 10:01:56,066 zlqqtSetServer.py[line:49] INFO 输入zztzt...
2019-03-28 10:02:02,387 zlqqtSetServer.py[line:54] INFO 取消勾选交易按钮...
2019-03-28 10:02:07,687 zlqqtSetServer.py[line:59] INFO 取消勾选资讯按钮...
2019-03-28 10:02:08,479 zlqqtSetServer.py[line:69] INFO 输入ip...
2019-03-28 10:02:14,742 zlqqtSetServer.py[line:75] INFO 输入行情port...
2019-03-28 10:02:20,233 zlqqtSetServer.py[line:80] INFO 添加行情ip和端口号...
2019-03-28 10:06:17,228 zlqqt_desired_caps.py[line:30] INFO ===================启动app，开始测试=======================
2019-03-28 10:06:17,228 zlqqt_common.py[line:20] INFO 点击允许获取权限按钮
2019-03-28 10:06:18,302 zlqqt_common.py[line:24] INFO permitBtn is not found!
2019-03-28 10:06:18,303 zlqqt_common.py[line:35] INFO 点击确定按钮...
2019-03-28 10:06:18,333 zlqqt_common.py[line:41] INFO click confirmBtn
2019-03-28 10:06:19,839 zlqqt_common.py[line:46] INFO 开始滑动
2019-03-28 10:06:28,356 zlqqt_common.py[line:53] INFO 点击立即体验
2019-03-28 10:06:28,504 zlqqtSetServer.py[line:38] INFO 点击行情...
2019-03-28 10:06:34,113 zlqqtSetServer.py[line:44] INFO 点击搜索...
2019-03-28 10:06:38,834 zlqqtSetServer.py[line:49] INFO 输入zztzt...
2019-03-28 10:06:44,595 zlqqtSetServer.py[line:54] INFO 取消勾选交易按钮...
2019-03-28 10:06:51,700 zlqqtSetServer.py[line:59] INFO 取消勾选资讯按钮...
2019-03-28 10:06:52,594 zlqqtSetServer.py[line:69] INFO 输入ip...
2019-03-28 10:06:58,163 zlqqtSetServer.py[line:75] INFO 输入行情port...
2019-03-28 10:07:04,226 zlqqtSetServer.py[line:80] INFO 添加行情ip和端口号...
2019-03-28 10:07:05,050 zlqqtSetServer.py[line:85] INFO 清空端口号输入框...
2019-03-28 10:07:11,611 zlqqtSetServer.py[line:64] INFO 取消勾选行情按钮...
2019-03-28 10:07:12,178 zlqqtSetServer.py[line:54] INFO 取消勾选交易按钮...
2019-03-28 10:07:13,030 zlqqtSetServer.py[line:75] INFO 输入行情port...
2019-03-28 10:07:18,538 zlqqtSetServer.py[line:80] INFO 添加行情ip和端口号...
2019-03-28 10:07:19,595 zlqqtSetServer.py[line:85] INFO 清空端口号输入框...
2019-03-28 10:07:26,045 zlqqtSetServer.py[line:54] INFO 取消勾选交易按钮...
2019-03-28 10:07:26,572 zlqqtSetServer.py[line:59] INFO 取消勾选资讯按钮...
2019-03-28 10:07:27,375 zlqqtSetServer.py[line:75] INFO 输入行情port...
2019-03-28 10:07:32,517 zlqqtSetServer.py[line:80] INFO 添加行情ip和端口号...
2019-03-28 10:27:10,580 zlqqt_desired_caps.py[line:30] INFO ===================启动app，开始测试=======================
2019-03-28 10:27:10,581 zlqqt_common.py[line:20] INFO 点击允许获取权限按钮
2019-03-28 10:27:11,039 zlqqt_common.py[line:24] INFO permitBtn is not found!
2019-03-28 10:27:11,040 zlqqt_common.py[line:35] INFO 点击确定按钮...
2019-03-28 10:27:11,061 zlqqt_common.py[line:41] INFO click confirmBtn
2019-03-28 10:27:12,403 zlqqt_common.py[line:46] INFO 开始滑动
2019-03-28 10:27:19,219 zlqqt_common.py[line:53] INFO 点击立即体验
2019-03-28 10:27:19,399 zlqqtSetServer.py[line:49] INFO 点击行情...
2019-03-28 10:27:25,061 zlqqtSetServer.py[line:55] INFO 点击搜索...
2019-03-28 10:27:28,557 zlqqtSetServer.py[line:60] INFO 输入zztzt...
2019-03-28 10:27:37,221 zlqqtSetServer.py[line:65] INFO 取消勾选交易按钮...
2019-03-28 10:27:40,592 zlqqtSetServer.py[line:70] INFO 取消勾选资讯按钮...
2019-03-28 10:27:40,937 zlqqtSetServer.py[line:80] INFO 输入ip...
2019-03-28 10:27:46,233 zlqqtSetServer.py[line:86] INFO 输入行情port...
2019-03-28 10:27:51,316 zlqqtSetServer.py[line:91] INFO 添加行情ip和端口号...
2019-03-28 10:27:52,172 zlqqtSetServer.py[line:96] INFO 清空端口号输入框...
2019-03-28 10:27:57,826 zlqqtSetServer.py[line:75] INFO 取消勾选行情按钮...
2019-03-28 10:27:58,442 zlqqtSetServer.py[line:65] INFO 取消勾选交易按钮...
2019-03-28 10:27:59,189 zlqqtSetServer.py[line:86] INFO 输入行情port...
2019-03-28 10:28:04,347 zlqqtSetServer.py[line:91] INFO 添加行情ip和端口号...
2019-03-28 10:28:05,139 zlqqtSetServer.py[line:96] INFO 清空端口号输入框...
2019-03-28 10:28:11,215 zlqqtSetServer.py[line:65] INFO 取消勾选交易按钮...
2019-03-28 10:28:11,746 zlqqtSetServer.py[line:70] INFO 取消勾选资讯按钮...
2019-03-28 10:28:12,445 zlqqtSetServer.py[line:86] INFO 输入行情port...
2019-03-28 10:28:17,615 zlqqtSetServer.py[line:91] INFO 添加行情ip和端口号...
2019-03-28 10:28:18,360 zlqqtSetServer.py[line:101] INFO 设置完成，点击返回按钮...
2019-03-28 10:28:23,438 zlqqtSetServer.py[line:107] INFO 点击账户...
2019-03-28 10:28:25,096 zlqqtSetServer.py[line:112] INFO 点击账户页面设置...
2019-03-28 10:52:49,419 zlqqt_desired_caps.py[line:30] INFO ===================启动app，开始测试=======================
2019-03-28 10:52:49,420 zlqqt_common.py[line:20] INFO 点击允许获取权限按钮
2019-03-28 10:52:49,881 zlqqt_common.py[line:24] INFO permitBtn is not found!
2019-03-28 10:52:49,882 zlqqt_common.py[line:35] INFO 点击确定按钮...
2019-03-28 10:52:49,927 zlqqt_common.py[line:41] INFO click confirmBtn
2019-03-28 10:52:51,392 zlqqt_common.py[line:46] INFO 开始滑动
2019-03-28 10:52:58,736 zlqqt_common.py[line:53] INFO 点击立即体验
2019-03-28 10:52:58,881 zlqqtSetServer.py[line:62] INFO 点击行情...
2019-03-28 10:53:05,519 zlqqtSetServer.py[line:68] INFO 点击搜索...
2019-03-28 10:53:14,377 zlqqtSetServer.py[line:73] INFO 输入zztzt...
2019-03-28 10:53:19,596 zlqqtSetServer.py[line:78] INFO 取消勾选交易按钮...
2019-03-28 10:53:23,884 zlqqtSetServer.py[line:83] INFO 取消勾选资讯按钮...
2019-03-28 10:53:24,167 zlqqtSetServer.py[line:93] INFO 输入ip...
2019-03-28 10:53:30,590 zlqqtSetServer.py[line:99] INFO 输入行情port...
2019-03-28 10:53:35,421 zlqqtSetServer.py[line:104] INFO 添加行情ip和端口号...
2019-03-28 10:53:36,209 zlqqtSetServer.py[line:109] INFO 清空端口号输入框...
2019-03-28 10:53:42,515 zlqqtSetServer.py[line:88] INFO 取消勾选行情按钮...
2019-03-28 10:53:43,059 zlqqtSetServer.py[line:78] INFO 取消勾选交易按钮...
2019-03-28 10:53:43,922 zlqqtSetServer.py[line:99] INFO 输入行情port...
2019-03-28 10:53:50,174 zlqqtSetServer.py[line:104] INFO 添加行情ip和端口号...
2019-03-28 10:53:50,955 zlqqtSetServer.py[line:109] INFO 清空端口号输入框...
2019-03-28 10:53:56,490 zlqqtSetServer.py[line:78] INFO 取消勾选交易按钮...
2019-03-28 10:53:57,012 zlqqtSetServer.py[line:83] INFO 取消勾选资讯按钮...
2019-03-28 10:53:57,729 zlqqtSetServer.py[line:99] INFO 输入行情port...
2019-03-28 10:54:03,258 zlqqtSetServer.py[line:104] INFO 添加行情ip和端口号...
2019-03-28 10:54:04,123 zlqqtSetServer.py[line:114] INFO 设置完成，点击返回按钮...
2019-03-28 10:54:09,799 zlqqtSetServer.py[line:120] INFO 点击账户...
2019-03-28 10:54:11,929 zlqqtSetServer.py[line:125] INFO 点击账户页面设置...
2019-03-28 10:54:13,689 zlqqtSetServer.py[line:130] INFO 点击服务器设置...
2019-03-28 10:54:15,328 zlqqtSetServer.py[line:135] INFO 点击优先使用一下配置...
2019-03-28 10:59:55,557 zlqqt_desired_caps.py[line:30] INFO ===================启动app，开始测试=======================
2019-03-28 10:59:55,558 zlqqt_common.py[line:20] INFO 点击允许获取权限按钮
2019-03-28 10:59:56,205 zlqqt_common.py[line:24] INFO permitBtn is not found!
2019-03-28 10:59:56,206 zlqqt_common.py[line:35] INFO 点击确定按钮...
2019-03-28 10:59:56,225 zlqqt_common.py[line:41] INFO click confirmBtn
2019-03-28 10:59:57,970 zlqqt_common.py[line:46] INFO 开始滑动
2019-03-28 11:00:05,177 zlqqt_common.py[line:53] INFO 点击立即体验
2019-03-28 11:00:05,317 zlqqtSetServer.py[line:62] INFO 点击行情...
2019-03-28 11:00:10,951 zlqqtSetServer.py[line:68] INFO 点击搜索...
2019-03-28 11:00:18,238 zlqqtSetServer.py[line:73] INFO 输入zztzt...
2019-03-28 11:00:23,435 zlqqtSetServer.py[line:78] INFO 取消勾选交易按钮...
2019-03-28 11:00:26,648 zlqqtSetServer.py[line:83] INFO 取消勾选资讯按钮...
2019-03-28 11:00:26,959 zlqqtSetServer.py[line:93] INFO 输入ip...
2019-03-28 11:00:31,634 zlqqtSetServer.py[line:99] INFO 输入行情port...
2019-03-28 11:00:37,064 zlqqtSetServer.py[line:104] INFO 添加行情ip和端口号...
2019-03-28 11:00:37,911 zlqqtSetServer.py[line:109] INFO 清空端口号输入框...
2019-03-28 11:00:43,853 zlqqtSetServer.py[line:88] INFO 取消勾选行情按钮...
2019-03-28 11:00:45,022 zlqqtSetServer.py[line:78] INFO 取消勾选交易按钮...
2019-03-28 11:00:45,909 zlqqtSetServer.py[line:99] INFO 输入行情port...
2019-03-28 11:00:51,084 zlqqtSetServer.py[line:104] INFO 添加行情ip和端口号...
2019-03-28 11:00:51,856 zlqqtSetServer.py[line:109] INFO 清空端口号输入框...
2019-03-28 11:00:59,085 zlqqtSetServer.py[line:78] INFO 取消勾选交易按钮...
2019-03-28 11:00:59,603 zlqqtSetServer.py[line:83] INFO 取消勾选资讯按钮...
2019-03-28 11:01:00,364 zlqqtSetServer.py[line:99] INFO 输入行情port...
2019-03-28 11:01:06,679 zlqqtSetServer.py[line:104] INFO 添加行情ip和端口号...
2019-03-28 11:01:07,701 zlqqtSetServer.py[line:114] INFO 设置完成，点击返回按钮...
2019-03-28 11:01:13,455 zlqqtSetServer.py[line:120] INFO 点击账户...
2019-03-28 11:01:15,266 zlqqtSetServer.py[line:125] INFO 点击账户页面设置...
2019-03-28 11:01:17,597 zlqqtSetServer.py[line:130] INFO 点击服务器设置...
2019-03-28 11:01:18,830 zlqqtSetServer.py[line:135] INFO 点击优先使用一下配置...
2019-03-28 11:01:21,217 zlqqtSetServer.py[line:140] INFO 点击行情服务器...
2019-03-28 11:01:22,086 zlqqtSetServer.py[line:145] INFO 选择行情服务器...
2019-03-28 11:24:16,330 zlqqt_desired_caps.py[line:30] INFO ===================启动app，开始测试=======================
2019-03-28 11:24:16,330 zlqqt_common.py[line:20] INFO 点击允许获取权限按钮
2019-03-28 11:24:16,849 zlqqt_common.py[line:24] INFO permitBtn is not found!
2019-03-28 11:24:16,849 zlqqt_common.py[line:35] INFO 点击确定按钮...
2019-03-28 11:24:16,871 zlqqt_common.py[line:41] INFO click confirmBtn
2019-03-28 11:24:18,551 zlqqt_common.py[line:46] INFO 开始滑动
2019-03-28 11:24:26,670 zlqqt_common.py[line:53] INFO 点击立即体验
2019-03-28 11:24:26,881 zlqqtSetServer.py[line:66] INFO 点击行情...
2019-03-28 11:24:40,834 zlqqtSetServer.py[line:72] INFO 点击搜索...
2019-03-28 11:24:42,143 zlqqtSetServer.py[line:77] INFO 输入zztzt...
2019-03-28 11:24:47,437 zlqqtSetServer.py[line:82] INFO 取消勾选交易按钮...
2019-03-28 11:24:51,161 zlqqtSetServer.py[line:87] INFO 取消勾选资讯按钮...
2019-03-28 11:24:51,662 zlqqtSetServer.py[line:97] INFO 输入ip...
2019-03-28 11:24:57,875 zlqqtSetServer.py[line:103] INFO 输入行情port...
2019-03-28 11:25:03,662 zlqqtSetServer.py[line:108] INFO 添加行情ip和端口号...
2019-03-28 11:25:04,469 zlqqtSetServer.py[line:113] INFO 清空端口号输入框...
2019-03-28 11:25:10,590 zlqqtSetServer.py[line:92] INFO 取消勾选行情按钮...
2019-03-28 11:25:11,191 zlqqtSetServer.py[line:82] INFO 取消勾选交易按钮...
2019-03-28 11:25:11,909 zlqqtSetServer.py[line:103] INFO 输入行情port...
2019-03-28 11:25:17,833 zlqqtSetServer.py[line:108] INFO 添加行情ip和端口号...
2019-03-28 11:25:18,686 zlqqtSetServer.py[line:113] INFO 清空端口号输入框...
2019-03-28 11:25:25,033 zlqqtSetServer.py[line:82] INFO 取消勾选交易按钮...
2019-03-28 11:25:25,584 zlqqtSetServer.py[line:87] INFO 取消勾选资讯按钮...
2019-03-28 11:25:26,316 zlqqtSetServer.py[line:103] INFO 输入行情port...
2019-03-28 11:25:31,718 zlqqtSetServer.py[line:108] INFO 添加行情ip和端口号...
2019-03-28 11:25:32,536 zlqqtSetServer.py[line:118] INFO 设置完成，点击返回按钮...
2019-03-28 11:25:37,808 zlqqtSetServer.py[line:124] INFO 点击账户...
2019-03-28 11:25:39,494 zlqqtSetServer.py[line:129] INFO 点击账户页面设置...
2019-03-28 11:25:41,192 zlqqtSetServer.py[line:134] INFO 点击服务器设置...
2019-03-28 11:25:42,661 zlqqtSetServer.py[line:139] INFO 点击优先使用一下配置...
2019-03-28 11:25:44,135 zlqqtSetServer.py[line:144] INFO 点击行情服务器...
2019-03-28 11:25:44,971 zlqqtSetServer.py[line:149] INFO 选择行情服务器...
2019-03-28 11:25:46,832 zlqqtSetServer.py[line:154] INFO 点击交易服务器...
2019-03-28 11:25:48,316 zlqqtSetServer.py[line:159] INFO 选择交易服务器...
2019-03-28 11:25:50,309 zlqqtSetServer.py[line:164] INFO 点击资讯服务器...
2019-03-28 11:25:51,160 zlqqtSetServer.py[line:169] INFO 选择资讯服务器...
2019-03-28 11:25:52,910 zlqqtSetServer.py[line:174] INFO 点击服务器设置确定按钮...
2019-03-28 11:25:54,471 zlqqtSetServer.py[line:179] INFO 点击服务器设置确定弹框...
2019-03-28 11:25:58,615 zlqqtSetServer.py[line:118] INFO 设置完成，点击返回按钮...
2019-03-28 11:27:17,037 zlqqt_desired_caps.py[line:30] INFO ===================启动app，开始测试=======================
2019-03-28 11:27:17,038 zlqqt_common.py[line:20] INFO 点击允许获取权限按钮
2019-03-28 11:27:17,346 zlqqt_common.py[line:24] INFO permitBtn is not found!
2019-03-28 11:27:17,346 zlqqt_common.py[line:35] INFO 点击确定按钮...
2019-03-28 11:27:17,368 zlqqt_common.py[line:41] INFO click confirmBtn
2019-03-28 11:27:18,913 zlqqt_common.py[line:46] INFO 开始滑动
2019-03-28 11:27:26,959 zlqqt_common.py[line:53] INFO 点击立即体验
2019-03-28 11:27:27,117 zlqqtSetServer.py[line:66] INFO 点击行情...
2019-03-28 11:27:32,551 zlqqtSetServer.py[line:72] INFO 点击搜索...
2019-03-28 11:27:38,999 zlqqtSetServer.py[line:77] INFO 输入zztzt...
2019-03-28 11:27:46,467 zlqqtSetServer.py[line:82] INFO 取消勾选交易按钮...
2019-03-28 11:27:51,643 zlqqtSetServer.py[line:87] INFO 取消勾选资讯按钮...
2019-03-28 11:27:52,189 zlqqtSetServer.py[line:97] INFO 输入ip...
2019-03-28 11:27:58,135 zlqqtSetServer.py[line:103] INFO 输入行情port...
2019-03-28 11:28:03,465 zlqqtSetServer.py[line:108] INFO 添加行情ip和端口号...
2019-03-28 11:28:04,310 zlqqtSetServer.py[line:113] INFO 清空端口号输入框...
2019-03-28 11:28:10,955 zlqqtSetServer.py[line:92] INFO 取消勾选行情按钮...
2019-03-28 11:28:11,536 zlqqtSetServer.py[line:82] INFO 取消勾选交易按钮...
2019-03-28 11:28:12,331 zlqqtSetServer.py[line:103] INFO 输入行情port...
2019-03-28 11:28:17,840 zlqqtSetServer.py[line:108] INFO 添加行情ip和端口号...
2019-03-28 11:28:18,628 zlqqtSetServer.py[line:113] INFO 清空端口号输入框...
2019-03-28 11:28:24,648 zlqqtSetServer.py[line:82] INFO 取消勾选交易按钮...
2019-03-28 11:28:25,150 zlqqtSetServer.py[line:87] INFO 取消勾选资讯按钮...
2019-03-28 11:28:25,922 zlqqtSetServer.py[line:103] INFO 输入行情port...
2019-03-28 11:28:31,515 zlqqtSetServer.py[line:108] INFO 添加行情ip和端口号...
2019-03-28 11:28:32,422 zlqqtSetServer.py[line:118] INFO 设置完成，点击返回按钮...
2019-03-28 11:28:38,285 zlqqtSetServer.py[line:124] INFO 点击账户...
2019-03-28 11:28:39,068 zlqqtSetServer.py[line:129] INFO 点击账户页面设置...
2019-03-28 11:28:40,861 zlqqtSetServer.py[line:134] INFO 点击服务器设置...
2019-03-28 11:28:42,079 zlqqtSetServer.py[line:139] INFO 点击优先使用一下配置...
2019-03-28 11:28:43,845 zlqqtSetServer.py[line:144] INFO 点击行情服务器...
2019-03-28 11:28:44,612 zlqqtSetServer.py[line:149] INFO 选择行情服务器...
2019-03-28 11:28:46,254 zlqqtSetServer.py[line:154] INFO 点击交易服务器...
2019-03-28 11:28:47,173 zlqqtSetServer.py[line:159] INFO 选择交易服务器...
2019-03-28 11:28:49,236 zlqqtSetServer.py[line:164] INFO 点击资讯服务器...
2019-03-28 11:28:50,787 zlqqtSetServer.py[line:169] INFO 选择资讯服务器...
2019-03-28 11:28:53,264 zlqqtSetServer.py[line:174] INFO 点击服务器设置确定按钮...
2019-03-28 11:28:54,212 zlqqtSetServer.py[line:179] INFO 点击服务器设置确定弹框...
2019-03-28 11:28:58,385 zlqqtSetServer.py[line:118] INFO 设置完成，点击返回按钮...
2019-03-28 15:14:26,771 zlqqt_desired_caps.py[line:30] INFO ===================启动app，开始测试=======================
2019-03-28 15:14:26,772 buttonTabView.py[line:31] INFO 点击行情...
2019-03-28 15:41:30,835 zlqqt_desired_caps.py[line:30] INFO ===================启动app，开始测试=======================
2019-03-28 15:41:30,835 zlqqt_common.py[line:20] INFO 点击允许获取权限按钮
2019-03-28 15:41:31,144 zlqqt_common.py[line:24] INFO permitBtn is not found!
2019-03-28 15:41:31,145 zlqqt_common.py[line:35] INFO 点击确定按钮...
2019-03-28 15:41:31,168 zlqqt_common.py[line:41] INFO click confirmBtn
2019-03-28 15:41:37,629 zlqqt_common.py[line:53] INFO 点击立即体验
2019-03-28 15:41:38,018 buttonTabView.py[line:21] INFO 点击首页...
2019-03-28 15:42:57,286 zlqqt_desired_caps.py[line:30] INFO ===================启动app，开始测试=======================
2019-03-28 15:42:57,287 zlqqt_common.py[line:20] INFO 点击允许获取权限按钮
2019-03-28 15:42:57,794 zlqqt_common.py[line:24] INFO permitBtn is not found!
2019-03-28 15:42:57,794 zlqqt_common.py[line:35] INFO 点击确定按钮...
2019-03-28 15:42:57,815 zlqqt_common.py[line:41] INFO click confirmBtn
2019-03-28 15:43:43,922 zlqqt_desired_caps.py[line:30] INFO ===================启动app，开始测试=======================
2019-03-28 15:43:43,922 zlqqt_common.py[line:20] INFO 点击允许获取权限按钮
2019-03-28 15:43:44,647 zlqqt_common.py[line:24] INFO permitBtn is not found!
2019-03-28 15:43:44,648 zlqqt_common.py[line:35] INFO 点击确定按钮...
2019-03-28 15:43:44,692 zlqqt_common.py[line:41] INFO click confirmBtn
2019-03-28 15:43:50,740 zlqqt_common.py[line:53] INFO 点击立即体验
2019-03-28 15:43:50,830 buttonTabView.py[line:25] INFO 点击首页...
2019-03-28 15:46:10,653 zlqqt_desired_caps.py[line:30] INFO ===================启动app，开始测试=======================
2019-03-28 15:46:10,653 zlqqt_common.py[line:20] INFO 点击允许获取权限按钮
2019-03-28 15:46:12,274 zlqqt_common.py[line:24] INFO permitBtn is not found!
2019-03-28 15:46:12,274 zlqqt_common.py[line:35] INFO 点击确定按钮...
2019-03-28 15:46:12,316 zlqqt_common.py[line:41] INFO click confirmBtn
2019-03-28 15:46:14,913 zlqqt_common.py[line:46] INFO 开始滑动
2019-03-28 15:46:38,509 zlqqt_common.py[line:53] INFO 点击立即体验
2019-03-28 15:46:38,740 buttonTabView.py[line:25] INFO 点击首页...
2019-03-28 15:51:02,566 zlqqt_desired_caps.py[line:30] INFO ===================启动app，开始测试=======================
2019-03-28 15:51:02,566 zlqqt_common.py[line:20] INFO 点击允许获取权限按钮
2019-03-28 15:51:03,599 zlqqt_common.py[line:24] INFO permitBtn is not found!
2019-03-28 15:51:03,600 zlqqt_common.py[line:35] INFO 点击确定按钮...
2019-03-28 15:51:03,631 zlqqt_common.py[line:41] INFO click confirmBtn
2019-03-28 15:51:05,791 zlqqt_common.py[line:46] INFO 开始滑动
2019-03-28 15:51:26,764 zlqqt_common.py[line:53] INFO 点击立即体验
2019-03-28 15:51:26,927 buttonTabView.py[line:25] INFO 点击首页...
2019-03-28 15:51:30,128 buttonTabView.py[line:40] INFO 点击行情...
2019-03-28 15:51:30,733 buttonTabView.py[line:35] INFO 点击行情...
2019-03-28 15:51:32,374 buttonTabView.py[line:30] INFO 点击行情...
2019-03-28 15:54:18,483 zlqqt_desired_caps.py[line:30] INFO ===================启动app，开始测试=======================
2019-03-28 15:54:18,484 zlqqt_common.py[line:20] INFO 点击允许获取权限按钮
2019-03-28 15:54:19,923 zlqqt_common.py[line:24] INFO permitBtn is not found!
2019-03-28 15:54:19,924 zlqqt_common.py[line:35] INFO 点击确定按钮...
2019-03-28 15:54:19,990 zlqqt_common.py[line:41] INFO click confirmBtn
2019-03-28 15:54:24,175 zlqqt_common.py[line:46] INFO 开始滑动
2019-03-28 15:54:43,987 zlqqt_common.py[line:53] INFO 点击立即体验
2019-03-28 15:54:44,172 buttonTabView.py[line:26] INFO 点击首页...
2019-03-28 15:54:48,412 buttonTabView.py[line:41] INFO 点击行情...
2019-03-28 15:54:49,015 buttonTabView.py[line:36] INFO 点击行情...
2019-03-28 15:54:51,022 buttonTabView.py[line:31] INFO 点击行情...
2019-03-28 15:57:08,791 zlqqt_desired_caps.py[line:30] INFO ===================启动app，开始测试=======================
2019-03-28 15:57:08,791 zlqqt_common.py[line:20] INFO 点击允许获取权限按钮
2019-03-28 15:57:09,198 zlqqt_common.py[line:24] INFO permitBtn is not found!
2019-03-28 15:57:09,198 zlqqt_common.py[line:35] INFO 点击确定按钮...
2019-03-28 15:57:09,224 zlqqt_common.py[line:41] INFO click confirmBtn
2019-03-28 15:57:11,445 zlqqt_common.py[line:46] INFO 开始滑动
2019-03-28 15:57:33,231 zlqqt_common.py[line:53] INFO 点击立即体验
2019-03-28 15:57:33,497 buttonTabView.py[line:26] INFO 点击首页...
2019-03-28 15:57:37,277 buttonTabView.py[line:41] INFO 点击账户...
2019-03-28 15:57:38,791 buttonTabView.py[line:36] INFO 点击交易...
2019-03-28 15:57:40,671 buttonTabView.py[line:31] INFO 点击行情...
2019-03-28 16:25:24,799 myunit.py[line:10] INFO ==================setUp=====================
2019-03-28 16:25:43,948 zlqqt_desired_caps.py[line:30] INFO ===================启动app，开始测试=======================
2019-03-28 16:25:43,950 test_case.py[line:11] INFO 点击底部tab交易按钮...
2019-03-28 16:25:43,950 buttonTabView.py[line:36] INFO 点击交易...
2019-03-28 16:25:49,191 myunit.py[line:14] INFO ==================tearDown==================
2019-03-28 16:28:30,627 myunit.py[line:10] INFO ==================setUp=====================
2019-03-28 16:28:49,730 zlqqt_desired_caps.py[line:30] INFO ===================启动app，开始测试=======================
2019-03-28 16:28:49,731 test_case.py[line:12] INFO 点击底部tab交易按钮...
2019-03-28 16:28:49,731 zlqqt_common.py[line:20] INFO 点击允许获取权限按钮
2019-03-28 16:28:51,280 zlqqt_common.py[line:24] INFO permitBtn is not found!
2019-03-28 16:28:51,280 zlqqt_common.py[line:35] INFO 点击确定按钮...
2019-03-28 16:28:51,344 zlqqt_common.py[line:41] INFO click confirmBtn
2019-03-28 16:28:54,006 zlqqt_common.py[line:46] INFO 开始滑动
2019-03-28 16:29:20,260 zlqqt_common.py[line:53] INFO 点击立即体验
2019-03-28 16:29:20,442 buttonTabView.py[line:36] INFO 点击交易...
2019-03-28 16:29:23,285 myunit.py[line:14] INFO ==================tearDown==================
2019-03-29 10:56:34,978 zlqqt_desired_caps.py[line:30] INFO ===================启动app，开始测试=======================
2019-03-29 10:56:34,978 zlqqt_common.py[line:23] INFO 点击允许获取权限按钮...
2019-03-29 10:56:35,016 zlqqt_desired_caps.py[line:30] INFO ===================启动app，开始测试=======================
2019-03-29 10:56:35,017 zlqqt_common.py[line:23] INFO 点击允许获取权限按钮...
2019-03-29 10:56:35,536 zlqqt_common.py[line:27] INFO permitBtn is not found!
2019-03-29 10:56:35,537 zlqqt_common.py[line:38] INFO 点击确定按钮...
2019-03-29 10:56:35,566 zlqqt_common.py[line:44] INFO click confirmBtn
2019-03-29 10:56:38,043 zlqqt_common.py[line:98] INFO 开始滑动
2019-03-29 10:56:41,324 zlqqt_common.py[line:104] INFO 点击立即体验
2019-03-29 11:09:31,120 zlqqt_desired_caps.py[line:30] INFO ===================启动app，开始测试=======================
2019-03-29 11:09:31,121 zlqqt_common.py[line:23] INFO 点击允许获取权限按钮...
2019-03-29 11:09:32,618 zlqqt_common.py[line:27] INFO permitBtn is not found!
2019-03-29 11:09:32,619 zlqqt_common.py[line:38] INFO 点击确定按钮...
2019-03-29 11:09:32,843 zlqqt_common.py[line:42] INFO confirm is not found!
2019-03-29 11:09:33,843 zlqqt_common.py[line:98] INFO 开始滑动
2019-03-29 11:28:16,801 zlqqt_desired_caps.py[line:30] INFO ===================启动app，开始测试=======================
2019-03-29 11:28:16,819 zlqqt_common.py[line:23] INFO 点击允许获取权限按钮...
2019-03-29 11:28:17,197 zlqqt_common.py[line:27] INFO permitBtn is not found!
2019-03-29 11:28:17,197 zlqqt_common.py[line:38] INFO 点击确定按钮...
2019-03-29 11:28:17,215 zlqqt_common.py[line:44] INFO click confirmBtn
2019-03-29 11:28:18,705 zlqqt_common.py[line:98] INFO 开始滑动
2019-03-29 11:28:24,795 zlqqt_common.py[line:104] INFO 点击立即体验
2019-03-29 11:38:23,671 zlqqt_desired_caps.py[line:30] INFO ===================启动app，开始测试=======================
2019-03-29 11:38:23,672 zlqqt_common.py[line:25] INFO 点击允许获取权限按钮...
2019-03-29 11:38:24,109 zlqqt_common.py[line:29] INFO permitBtn is not found!
2019-03-29 11:38:24,110 zlqqt_common.py[line:40] INFO 点击确定按钮...
2019-03-29 11:38:24,137 zlqqt_common.py[line:46] INFO click confirmBtn
2019-03-29 11:38:26,473 zlqqt_common.py[line:100] INFO 开始滑动
2019-03-29 11:38:34,100 zlqqt_common.py[line:106] INFO 点击立即体验
2019-03-29 11:38:37,635 zlqqt_common.py[line:117] INFO 关闭新股申购窗口...
2019-03-29 13:39:19,650 zlqqt_desired_caps.py[line:30] INFO ===================启动app，开始测试=======================
2019-03-29 13:39:19,650 zlqqt_common.py[line:25] INFO 点击允许获取权限按钮...
2019-03-29 13:39:20,084 zlqqt_common.py[line:29] INFO permitBtn is not found!
2019-03-29 13:39:20,085 zlqqt_common.py[line:40] INFO 点击确定按钮...
2019-03-29 13:39:20,111 zlqqt_common.py[line:46] INFO click confirmBtn
2019-03-29 13:39:21,398 zlqqt_common.py[line:104] INFO 开始滑动
2019-03-29 13:39:26,185 zlqqt_common.py[line:113] INFO 点击立即体验
2019-03-29 13:39:28,043 zlqqt_common.py[line:124] INFO 今日无新股申购...
2019-03-29 13:41:32,497 zlqqt_desired_caps.py[line:30] INFO ===================启动app，开始测试=======================
2019-03-29 13:41:32,498 zlqqt_common.py[line:25] INFO 点击允许获取权限按钮...
2019-03-29 13:41:33,074 zlqqt_common.py[line:29] INFO permitBtn is not found!
2019-03-29 13:41:33,074 zlqqt_common.py[line:40] INFO 点击确定按钮...
2019-03-29 13:41:33,099 zlqqt_common.py[line:46] INFO click confirmBtn
2019-03-29 13:41:34,519 zlqqt_common.py[line:104] INFO 开始滑动
2019-03-29 13:41:39,287 zlqqt_common.py[line:113] INFO 点击立即体验
2019-03-29 13:41:41,038 zlqqt_common.py[line:125] INFO 今日无新股申购...
2019-03-29 13:48:29,727 zlqqt_desired_caps.py[line:30] INFO ===================启动app，开始测试=======================
2019-03-29 13:48:29,728 zlqqt_common.py[line:25] INFO 点击允许获取权限按钮...
2019-03-29 13:48:29,925 zlqqt_common.py[line:29] INFO permitBtn is not found!
2019-03-29 13:48:29,925 zlqqt_common.py[line:40] INFO 点击确定按钮...
2019-03-29 13:48:30,269 zlqqt_common.py[line:46] INFO click confirmBtn
2019-03-29 13:48:31,700 zlqqt_common.py[line:104] INFO 开始滑动
2019-03-29 13:48:36,474 zlqqt_common.py[line:113] INFO 点击立即体验
2019-03-29 13:48:38,057 zlqqt_common.py[line:125] INFO 今日无新股申购...
2019-03-29 13:49:50,125 zlqqt_desired_caps.py[line:30] INFO ===================启动app，开始测试=======================
2019-03-29 13:49:50,125 zlqqt_common.py[line:25] INFO 点击允许获取权限按钮...
2019-03-29 13:49:50,594 zlqqt_common.py[line:29] INFO permitBtn is not found!
2019-03-29 13:49:50,594 zlqqt_common.py[line:40] INFO 点击确定按钮...
2019-03-29 13:49:50,647 zlqqt_common.py[line:46] INFO click confirmBtn
2019-03-29 13:49:52,131 zlqqt_common.py[line:104] INFO 开始滑动
2019-03-29 13:49:56,992 zlqqt_common.py[line:113] INFO 点击立即体验
2019-03-29 13:50:58,476 zlqqt_desired_caps.py[line:30] INFO ===================启动app，开始测试=======================
2019-03-29 13:50:58,476 zlqqt_common.py[line:25] INFO 点击允许获取权限按钮...
2019-03-29 13:50:58,995 zlqqt_common.py[line:29] INFO permitBtn is not found!
2019-03-29 13:50:58,995 zlqqt_common.py[line:40] INFO 点击确定按钮...
2019-03-29 13:50:59,018 zlqqt_common.py[line:46] INFO click confirmBtn
2019-03-29 13:51:00,394 zlqqt_common.py[line:104] INFO 开始滑动
2019-03-29 13:51:05,089 zlqqt_common.py[line:113] INFO 点击立即体验
2019-03-29 13:52:42,383 zlqqt_desired_caps.py[line:30] INFO ===================启动app，开始测试=======================
2019-03-29 13:52:42,383 zlqqt_common.py[line:25] INFO 点击允许获取权限按钮...
2019-03-29 13:52:42,704 zlqqt_common.py[line:29] INFO permitBtn is not found!
2019-03-29 13:52:42,705 zlqqt_common.py[line:40] INFO 点击确定按钮...
2019-03-29 13:52:42,722 zlqqt_common.py[line:46] INFO click confirmBtn
2019-03-29 13:52:44,229 zlqqt_common.py[line:104] INFO 开始滑动
2019-03-29 13:52:48,892 zlqqt_common.py[line:113] INFO 点击立即体验
2019-03-29 14:53:20,900 run.py[line:23] INFO start run testcase...
2019-03-29 14:53:20,901 myunit.py[line:10] INFO ==================setUp=====================
2019-03-29 14:53:32,339 zlqqt_desired_caps.py[line:30] INFO ===================启动app，开始测试=======================
2019-03-29 14:53:32,340 click_bottom_tab.py[line:11] INFO 点击底部tab...
2019-03-29 14:53:32,340 zlqqt_common.py[line:25] INFO 点击允许获取权限按钮...
2019-03-29 14:53:32,798 zlqqt_common.py[line:29] INFO permitBtn is not found!
2019-03-29 14:53:32,798 zlqqt_common.py[line:40] INFO 点击确定按钮...
2019-03-29 14:53:32,829 zlqqt_common.py[line:46] INFO click confirmBtn
2019-03-29 14:53:34,197 myunit.py[line:14] INFO ==================tearDown==================
2019-03-29 14:58:18,778 run.py[line:23] INFO start run testcase...
2019-03-29 14:58:18,779 myunit.py[line:10] INFO ==================setUp=====================
2019-03-29 14:58:30,617 zlqqt_desired_caps.py[line:30] INFO ===================启动app，开始测试=======================
2019-03-29 14:58:30,617 click_bottom_tab.py[line:12] INFO 点击底部tab...
2019-03-29 14:58:30,618 zlqqt_common.py[line:25] INFO 点击允许获取权限按钮...
2019-03-29 14:58:31,276 zlqqt_common.py[line:29] INFO permitBtn is not found!
2019-03-29 14:58:31,276 zlqqt_common.py[line:40] INFO 点击确定按钮...
2019-03-29 14:58:31,300 zlqqt_common.py[line:46] INFO click confirmBtn
2019-03-29 14:58:32,630 zlqqt_common.py[line:104] INFO 开始滑动
2019-03-29 14:58:37,366 zlqqt_common.py[line:113] INFO 点击立即体验
2019-03-29 14:58:37,492 myunit.py[line:14] INFO ==================tearDown==================
2019-03-29 14:59:14,174 run.py[line:23] INFO start run testcase...
2019-03-29 14:59:14,174 myunit.py[line:10] INFO ==================setUp=====================
2019-03-29 14:59:28,808 zlqqt_desired_caps.py[line:30] INFO ===================启动app，开始测试=======================
2019-03-29 14:59:28,809 click_bottom_tab.py[line:12] INFO 点击底部tab...
2019-03-29 14:59:28,809 zlqqt_common.py[line:25] INFO 点击允许获取权限按钮...
2019-03-29 14:59:29,338 zlqqt_common.py[line:29] INFO permitBtn is not found!
2019-03-29 14:59:29,339 zlqqt_common.py[line:40] INFO 点击确定按钮...
2019-03-29 14:59:29,355 zlqqt_common.py[line:46] INFO click confirmBtn
2019-03-29 14:59:30,895 zlqqt_common.py[line:104] INFO 开始滑动
2019-03-29 14:59:35,672 zlqqt_common.py[line:113] INFO 点击立即体验
2019-03-29 14:59:35,771 myunit.py[line:14] INFO ==================tearDown==================
2019-03-29 15:06:37,695 run.py[line:23] INFO start run testcase...
2019-03-29 15:06:37,696 myunit.py[line:10] INFO ==================setUp=====================
2019-03-29 15:06:48,846 zlqqt_desired_caps.py[line:30] INFO ===================启动app，开始测试=======================
2019-03-29 15:06:48,846 click_bottom_tab.py[line:12] INFO 点击底部tab测试用例开始执行
2019-03-29 15:06:48,847 zlqqt_common.py[line:25] INFO 点击允许获取权限按钮...
2019-03-29 15:06:49,300 zlqqt_common.py[line:29] INFO permitBtn is not found!
2019-03-29 15:06:49,300 zlqqt_common.py[line:40] INFO 点击确定按钮...
2019-03-29 15:06:49,317 zlqqt_common.py[line:46] INFO click confirmBtn
2019-03-29 15:06:50,751 zlqqt_common.py[line:104] INFO 开始滑动
2019-03-29 15:06:55,471 zlqqt_common.py[line:113] INFO 点击立即体验
2019-03-29 15:06:59,322 buttonTabView.py[line:28] INFO 点击交易...
2019-03-29 15:07:00,989 buttonTabView.py[line:23] INFO 点击行情...
2019-03-29 15:07:02,801 buttonTabView.py[line:18] INFO 点击首页...
2019-03-29 15:07:03,836 buttonTabView.py[line:33] INFO 点击账户...
2019-03-29 15:07:05,304 myunit.py[line:14] INFO ==================tearDown==================
