2019-04-02 09:31:43,307 run.py[line:23] INFO start run testcase...
2019-04-02 09:31:43,308 myunit.py[line:10] INFO ==================setUp=====================
2019-04-02 09:32:04,698 zlqqt_desired_caps.py[line:30] INFO ===================启动app，开始测试=======================
2019-04-02 09:32:04,698 test_hang_heng_index_skip.py[line:14] INFO 点击恒生指数
2019-04-02 09:32:04,699 zlqqt_common.py[line:25] INFO 点击允许获取权限按钮...
2019-04-02 09:32:06,730 zlqqt_common.py[line:29] INFO permitBtn is not found!
2019-04-02 09:32:06,746 zlqqt_common.py[line:45] INFO click confirmBtn
2019-04-02 09:32:08,154 zlqqt_common.py[line:103] INFO 开始滑动
2019-04-02 09:32:13,079 zlqqt_common.py[line:112] INFO 点击立即体验
2019-04-02 09:32:20,054 buttonTabView.py[line:23] INFO 点击行情...
2019-04-02 09:32:23,490 MarketMainPageView.py[line:33] INFO 点击恒生指数...
2019-04-02 09:32:28,784 myunit.py[line:14] INFO ==================tearDown==================
2019-04-02 09:35:11,510 run.py[line:23] INFO start run testcase...
2019-04-02 09:35:11,510 myunit.py[line:10] INFO ==================setUp=====================
2019-04-02 09:35:27,769 zlqqt_desired_caps.py[line:30] INFO ===================启动app，开始测试=======================
2019-04-02 09:35:27,769 test_hang_heng_index_skip.py[line:14] INFO 点击恒生指数
2019-04-02 09:35:27,769 zlqqt_common.py[line:25] INFO 点击允许获取权限按钮...
2019-04-02 09:35:30,159 zlqqt_common.py[line:29] INFO permitBtn is not found!
2019-04-02 09:35:30,186 zlqqt_common.py[line:45] INFO click confirmBtn
2019-04-02 09:35:31,637 zlqqt_common.py[line:103] INFO 开始滑动
2019-04-02 09:35:36,344 zlqqt_common.py[line:112] INFO 点击立即体验
2019-04-02 09:35:43,138 buttonTabView.py[line:23] INFO 点击行情...
2019-04-02 09:35:46,480 MarketMainPageView.py[line:33] INFO 点击恒生指数...
2019-04-02 09:35:51,704 myunit.py[line:14] INFO ==================tearDown==================
2019-04-02 09:36:59,834 run.py[line:23] INFO start run testcase...
2019-04-02 09:36:59,835 myunit.py[line:10] INFO ==================setUp=====================
2019-04-02 09:37:16,513 zlqqt_desired_caps.py[line:30] INFO ===================启动app，开始测试=======================
2019-04-02 09:37:16,513 test_hang_heng_index_skip.py[line:14] INFO 点击恒生指数
2019-04-02 09:37:16,513 zlqqt_common.py[line:25] INFO 点击允许获取权限按钮...
2019-04-02 09:37:18,739 zlqqt_common.py[line:29] INFO permitBtn is not found!
2019-04-02 09:37:18,782 zlqqt_common.py[line:45] INFO click confirmBtn
2019-04-02 09:37:20,179 zlqqt_common.py[line:103] INFO 开始滑动
2019-04-02 09:37:25,142 zlqqt_common.py[line:112] INFO 点击立即体验
2019-04-02 09:37:31,893 buttonTabView.py[line:23] INFO 点击行情...
2019-04-02 09:37:35,252 MarketMainPageView.py[line:33] INFO 点击恒生指数...
2019-04-02 09:37:40,365 myunit.py[line:14] INFO ==================tearDown==================
2019-04-02 09:38:25,796 run.py[line:23] INFO start run testcase...
2019-04-02 09:38:25,796 myunit.py[line:10] INFO ==================setUp=====================
2019-04-02 09:38:51,041 run.py[line:23] INFO start run testcase...
2019-04-02 09:38:51,042 myunit.py[line:10] INFO ==================setUp=====================
2019-04-02 09:39:07,037 zlqqt_desired_caps.py[line:30] INFO ===================启动app，开始测试=======================
2019-04-02 09:39:07,037 test_hang_heng_index_skip.py[line:14] INFO 点击恒生指数
2019-04-02 09:39:07,037 zlqqt_common.py[line:25] INFO 点击允许获取权限按钮...
2019-04-02 09:39:09,220 zlqqt_common.py[line:29] INFO permitBtn is not found!
2019-04-02 09:39:09,325 zlqqt_common.py[line:45] INFO click confirmBtn
2019-04-02 09:39:10,876 zlqqt_common.py[line:103] INFO 开始滑动
2019-04-02 09:39:15,551 zlqqt_common.py[line:112] INFO 点击立即体验
2019-04-02 09:39:22,485 buttonTabView.py[line:23] INFO 点击行情...
2019-04-02 09:39:25,783 MarketMainPageView.py[line:33] INFO 点击恒生指数...
2019-04-02 09:39:39,321 myunit.py[line:14] INFO ==================tearDown==================
2019-04-02 09:52:57,764 run.py[line:23] INFO start run testcase...
2019-04-02 09:52:57,765 myunit.py[line:10] INFO ==================setUp=====================
2019-04-02 09:53:13,936 zlqqt_desired_caps.py[line:30] INFO ===================启动app，开始测试=======================
2019-04-02 09:53:13,937 test_hang_heng_index_skip.py[line:14] INFO 点击恒生指数
2019-04-02 09:53:13,937 zlqqt_common.py[line:25] INFO 点击允许获取权限按钮...
2019-04-02 09:53:16,499 zlqqt_common.py[line:29] INFO permitBtn is not found!
2019-04-02 09:53:16,522 zlqqt_common.py[line:45] INFO click confirmBtn
2019-04-02 09:53:17,892 zlqqt_common.py[line:103] INFO 开始滑动
2019-04-02 09:53:22,469 zlqqt_common.py[line:112] INFO 点击立即体验
2019-04-02 09:53:29,183 buttonTabView.py[line:23] INFO 点击行情...
2019-04-02 09:53:32,439 MarketMainPageView.py[line:33] INFO 点击恒生指数...
2019-04-02 09:53:46,338 myunit.py[line:14] INFO ==================tearDown==================
2019-04-02 10:16:58,501 run.py[line:23] INFO start run testcase...
2019-04-02 10:16:58,502 myunit.py[line:10] INFO ==================setUp=====================
2019-04-02 10:17:13,877 zlqqt_desired_caps.py[line:30] INFO ===================启动app，开始测试=======================
2019-04-02 10:17:13,878 test_click_bottom_tab.py[line:17] INFO 点击底部tab测试用例开始执行
2019-04-02 10:17:13,878 zlqqt_common.py[line:25] INFO 点击允许获取权限按钮...
2019-04-02 10:17:16,482 zlqqt_common.py[line:29] INFO permitBtn is not found!
2019-04-02 10:17:16,506 zlqqt_common.py[line:45] INFO click confirmBtn
2019-04-02 10:17:17,955 zlqqt_common.py[line:103] INFO 开始滑动
2019-04-02 10:17:22,512 zlqqt_common.py[line:112] INFO 点击立即体验
2019-04-02 10:17:28,147 buttonTabView.py[line:28] INFO 点击交易...
2019-04-02 10:17:29,818 buttonTabView.py[line:23] INFO 点击行情...
2019-04-02 10:17:31,932 buttonTabView.py[line:18] INFO 点击首页...
2019-04-02 10:17:33,602 buttonTabView.py[line:33] INFO 点击账户...
2019-04-02 10:17:34,969 myunit.py[line:14] INFO ==================tearDown==================
2019-04-02 10:17:41,732 myunit.py[line:10] INFO ==================setUp=====================
2019-04-02 10:24:01,378 run.py[line:23] INFO start run testcase...
2019-04-02 10:24:01,378 myunit.py[line:11] INFO ==================setUp=====================
2019-04-02 10:24:16,771 zlqqt_desired_caps.py[line:30] INFO ===================启动app，开始测试=======================
2019-04-02 10:24:16,771 zlqqt_common.py[line:25] INFO 点击允许获取权限按钮...
2019-04-02 10:24:19,932 zlqqt_common.py[line:29] INFO permitBtn is not found!
2019-04-02 10:24:19,945 zlqqt_common.py[line:45] INFO click confirmBtn
2019-04-02 10:24:21,333 zlqqt_common.py[line:103] INFO 开始滑动
2019-04-02 10:24:25,912 zlqqt_common.py[line:112] INFO 点击立即体验
2019-04-02 10:24:31,655 test_click_bottom_tab.py[line:17] INFO 点击底部tab测试用例开始执行
2019-04-02 10:24:31,655 buttonTabView.py[line:28] INFO 点击交易...
2019-04-02 10:24:33,766 buttonTabView.py[line:23] INFO 点击行情...
2019-04-02 10:24:35,802 buttonTabView.py[line:18] INFO 点击首页...
2019-04-02 10:24:37,328 buttonTabView.py[line:33] INFO 点击账户...
2019-04-02 10:24:39,123 myunit.py[line:17] INFO ==================tearDown==================
2019-04-02 10:24:45,706 myunit.py[line:11] INFO ==================setUp=====================
2019-04-02 10:28:26,384 run.py[line:23] INFO start run testcase...
2019-04-02 10:28:27,414 myunit.py[line:11] INFO ==================setUp=====================
2019-04-02 10:28:45,243 zlqqt_desired_caps.py[line:30] INFO ===================启动app，开始测试=======================
2019-04-02 10:28:45,244 zlqqt_common.py[line:25] INFO 点击允许获取权限按钮...
2019-04-02 10:28:47,730 zlqqt_common.py[line:29] INFO permitBtn is not found!
2019-04-02 10:28:47,756 zlqqt_common.py[line:45] INFO click confirmBtn
2019-04-02 10:28:49,194 zlqqt_common.py[line:103] INFO 开始滑动
2019-04-02 10:28:54,108 zlqqt_common.py[line:112] INFO 点击立即体验
2019-04-02 10:29:00,603 test_click_bottom_tab.py[line:17] INFO 点击底部tab测试用例开始执行
2019-04-02 10:29:00,604 buttonTabView.py[line:28] INFO 点击交易...
2019-04-02 10:29:01,355 buttonTabView.py[line:23] INFO 点击行情...
2019-04-02 10:29:03,218 buttonTabView.py[line:18] INFO 点击首页...
2019-04-02 10:29:05,146 buttonTabView.py[line:33] INFO 点击账户...
2019-04-02 10:29:07,118 myunit.py[line:17] INFO ==================tearDown==================
2019-04-02 10:29:13,880 myunit.py[line:11] INFO ==================setUp=====================
2019-04-02 10:43:23,583 run.py[line:23] INFO start run testcase...
2019-04-02 10:43:39,022 zlqqt_desired_caps.py[line:30] INFO ===================启动app，开始测试=======================
2019-04-02 10:45:13,318 run.py[line:23] INFO start run testcase...
2019-04-02 10:45:27,862 zlqqt_desired_caps.py[line:30] INFO ===================启动app，开始测试=======================
2019-04-02 10:47:59,310 run.py[line:23] INFO start run testcase...
2019-04-02 10:48:13,919 zlqqt_desired_caps.py[line:30] INFO ===================启动app，开始测试=======================
2019-04-02 10:58:31,130 run.py[line:23] INFO start run testcase...
2019-04-02 10:58:31,131 myunit.py[line:11] INFO ==================setUp=====================
2019-04-02 10:58:46,553 zlqqt_desired_caps.py[line:30] INFO ===================启动app，开始测试=======================
2019-04-02 10:58:46,553 zlqqt_common.py[line:25] INFO 点击允许获取权限按钮...
2019-04-02 10:58:48,718 zlqqt_common.py[line:29] INFO permitBtn is not found!
2019-04-02 10:58:48,745 zlqqt_common.py[line:45] INFO click confirmBtn
2019-04-02 10:58:50,152 zlqqt_common.py[line:103] INFO 开始滑动
2019-04-02 10:58:54,762 zlqqt_common.py[line:112] INFO 点击立即体验
2019-04-02 10:58:59,743 test_click_bottom_tab.py[line:17] INFO 点击底部tab测试用例开始执行
2019-04-02 10:58:59,743 buttonTabView.py[line:28] INFO 点击交易...
2019-04-02 10:59:02,126 buttonTabView.py[line:23] INFO 点击行情...
2019-04-02 10:59:04,004 buttonTabView.py[line:18] INFO 点击首页...
2019-04-02 10:59:05,482 buttonTabView.py[line:33] INFO 点击账户...
2019-04-02 10:59:06,752 myunit.py[line:17] INFO ==================tearDown==================
2019-04-02 10:59:13,581 myunit.py[line:11] INFO ==================setUp=====================
2019-04-02 11:07:00,422 run.py[line:23] INFO start run testcase...
2019-04-02 11:07:00,423 myunit.py[line:11] INFO ==================setUp=====================
2019-04-02 11:07:18,906 zlqqt_desired_caps.py[line:30] INFO ===================启动app，开始测试=======================
2019-04-02 11:07:18,907 zlqqt_common.py[line:25] INFO 点击允许获取权限按钮...
2019-04-02 11:07:20,441 zlqqt_common.py[line:29] INFO permitBtn is not found!
2019-04-02 11:07:20,515 zlqqt_common.py[line:45] INFO click confirmBtn
2019-04-02 11:07:21,890 zlqqt_common.py[line:103] INFO 开始滑动
2019-04-02 11:07:26,490 zlqqt_common.py[line:112] INFO 点击立即体验
2019-04-02 11:07:31,132 test_click_bottom_tab.py[line:17] INFO 点击底部tab测试用例开始执行
2019-04-02 11:07:31,132 buttonTabView.py[line:28] INFO 点击交易...
2019-04-02 11:07:33,610 buttonTabView.py[line:23] INFO 点击行情...
2019-04-02 11:07:35,830 buttonTabView.py[line:18] INFO 点击首页...
2019-04-02 11:07:37,472 buttonTabView.py[line:33] INFO 点击账户...
2019-04-02 11:07:39,009 myunit.py[line:17] INFO ==================tearDown==================
2019-04-02 11:07:45,891 myunit.py[line:11] INFO ==================setUp=====================
2019-04-02 11:08:01,938 zlqqt_desired_caps.py[line:30] INFO ===================启动app，开始测试=======================
2019-04-02 11:08:01,938 zlqqt_common.py[line:25] INFO 点击允许获取权限按钮...
2019-04-02 11:08:03,846 zlqqt_common.py[line:29] INFO permitBtn is not found!
2019-04-02 11:08:03,873 zlqqt_common.py[line:45] INFO click confirmBtn
2019-04-02 11:08:05,267 zlqqt_common.py[line:103] INFO 开始滑动
2019-04-02 11:08:09,848 zlqqt_common.py[line:112] INFO 点击立即体验
2019-04-02 11:08:15,891 test_hang_heng_index_skip.py[line:14] INFO 点击恒生指数
2019-04-02 11:08:15,892 zlqqt_common.py[line:25] INFO 点击允许获取权限按钮...
2019-04-02 11:08:16,580 zlqqt_common.py[line:29] INFO permitBtn is not found!
2019-04-02 11:08:16,818 zlqqt_common.py[line:43] INFO confirm is not found!
2019-04-02 11:08:17,818 zlqqt_common.py[line:103] INFO 开始滑动
2019-04-02 11:08:25,615 zlqqt_common.py[line:112] INFO 点击立即体验
2019-04-02 11:08:35,848 myunit.py[line:17] INFO ==================tearDown==================
2019-04-02 11:17:07,691 run.py[line:23] INFO start run testcase...
2019-04-02 11:17:07,691 myunit.py[line:11] INFO ==================setUp=====================
2019-04-02 11:17:23,096 zlqqt_desired_caps.py[line:30] INFO ===================启动app，开始测试=======================
2019-04-02 11:17:23,097 zlqqt_common.py[line:25] INFO 点击允许获取权限按钮...
2019-04-02 11:17:25,763 zlqqt_common.py[line:29] INFO permitBtn is not found!
2019-04-02 11:17:25,776 zlqqt_common.py[line:45] INFO click confirmBtn
2019-04-02 11:17:27,232 zlqqt_common.py[line:103] INFO 开始滑动
2019-04-02 11:17:32,219 zlqqt_common.py[line:112] INFO 点击立即体验
2019-04-02 11:17:38,066 test_click_bottom_tab.py[line:17] INFO 点击底部tab测试用例开始执行
2019-04-02 11:17:38,066 buttonTabView.py[line:28] INFO 点击交易...
2019-04-02 11:17:39,921 buttonTabView.py[line:23] INFO 点击行情...
2019-04-02 11:17:42,005 buttonTabView.py[line:18] INFO 点击首页...
2019-04-02 11:17:43,218 buttonTabView.py[line:33] INFO 点击账户...
2019-04-02 11:17:45,356 myunit.py[line:17] INFO ==================tearDown==================
2019-04-02 11:17:52,125 myunit.py[line:11] INFO ==================setUp=====================
2019-04-02 11:18:07,379 zlqqt_desired_caps.py[line:30] INFO ===================启动app，开始测试=======================
2019-04-02 11:18:07,380 zlqqt_common.py[line:25] INFO 点击允许获取权限按钮...
2019-04-02 11:18:09,817 zlqqt_common.py[line:29] INFO permitBtn is not found!
2019-04-02 11:18:09,847 zlqqt_common.py[line:45] INFO click confirmBtn
2019-04-02 11:18:11,252 zlqqt_common.py[line:103] INFO 开始滑动
2019-04-02 11:18:15,828 zlqqt_common.py[line:112] INFO 点击立即体验
2019-04-02 11:18:22,077 test_hang_heng_index_skip.py[line:14] INFO 点击恒生指数
2019-04-02 11:18:22,078 buttonTabView.py[line:23] INFO 点击行情...
2019-04-02 11:18:22,481 MarketMainPageView.py[line:33] INFO 点击恒生指数...
2019-04-02 11:18:29,860 myunit.py[line:17] INFO ==================tearDown==================
2019-04-02 11:35:41,823 run.py[line:23] INFO start run testcase...
2019-04-02 11:37:04,763 run.py[line:23] INFO start run testcase...
2019-04-02 11:37:20,224 zlqqt_desired_caps.py[line:30] INFO ===================启动app，开始测试=======================
2019-04-02 11:37:20,225 zlqqt_common.py[line:25] INFO 点击允许获取权限按钮...
2019-04-02 11:37:22,536 zlqqt_common.py[line:29] INFO permitBtn is not found!
2019-04-02 11:37:22,569 zlqqt_common.py[line:45] INFO click confirmBtn
2019-04-02 11:37:23,991 zlqqt_common.py[line:103] INFO 开始滑动
2019-04-02 11:37:28,824 zlqqt_common.py[line:112] INFO 点击立即体验
2019-04-02 11:37:34,444 test_click_bottom_tab.py[line:17] INFO 点击底部tab测试用例开始执行
2019-04-02 11:37:34,444 buttonTabView.py[line:28] INFO 点击交易...
2019-04-02 11:37:36,562 buttonTabView.py[line:23] INFO 点击行情...
2019-04-02 11:37:38,207 buttonTabView.py[line:18] INFO 点击首页...
2019-04-02 11:37:39,802 buttonTabView.py[line:33] INFO 点击账户...
2019-04-02 11:37:58,851 zlqqt_desired_caps.py[line:30] INFO ===================启动app，开始测试=======================
2019-04-02 11:37:58,851 zlqqt_common.py[line:25] INFO 点击允许获取权限按钮...
2019-04-02 11:38:01,295 zlqqt_common.py[line:29] INFO permitBtn is not found!
2019-04-02 11:38:01,345 zlqqt_common.py[line:45] INFO click confirmBtn
2019-04-02 11:38:02,817 zlqqt_common.py[line:103] INFO 开始滑动
2019-04-02 11:38:07,651 zlqqt_common.py[line:112] INFO 点击立即体验
2019-04-02 11:38:13,139 test_hang_heng_index_skip.py[line:14] INFO 点击恒生指数
2019-04-02 11:38:13,139 buttonTabView.py[line:23] INFO 点击行情...
2019-04-02 11:38:17,466 MarketMainPageView.py[line:33] INFO 点击恒生指数...
2019-04-02 11:39:38,183 run.py[line:23] INFO start run testcase...
2019-04-02 11:39:53,443 zlqqt_desired_caps.py[line:30] INFO ===================启动app，开始测试=======================
2019-04-02 11:39:53,443 zlqqt_common.py[line:25] INFO 点击允许获取权限按钮...
2019-04-02 11:39:56,091 zlqqt_common.py[line:29] INFO permitBtn is not found!
2019-04-02 11:39:56,110 zlqqt_common.py[line:45] INFO click confirmBtn
2019-04-02 11:39:57,507 zlqqt_common.py[line:103] INFO 开始滑动
2019-04-02 11:40:02,131 zlqqt_common.py[line:112] INFO 点击立即体验
2019-04-02 11:40:06,131 test_click_bottom_tab.py[line:17] INFO 点击底部tab测试用例开始执行
2019-04-02 11:40:06,131 buttonTabView.py[line:28] INFO 点击交易...
2019-04-02 11:40:08,028 buttonTabView.py[line:23] INFO 点击行情...
2019-04-02 11:40:09,767 buttonTabView.py[line:18] INFO 点击首页...
2019-04-02 11:40:10,901 buttonTabView.py[line:33] INFO 点击账户...
2019-04-02 11:40:11,798 test_click_bottom_tab.py[line:31] INFO 点击恒生指数
2019-04-02 11:40:11,798 buttonTabView.py[line:23] INFO 点击行情...
2019-04-02 11:40:13,416 MarketMainPageView.py[line:33] INFO 点击恒生指数...
2019-04-02 13:12:19,714 run.py[line:23] INFO start run testcase...
2019-04-02 13:12:35,399 zlqqt_desired_caps.py[line:30] INFO ===================启动app，开始测试=======================
2019-04-02 13:12:35,399 myunit.py[line:34] INFO 启动app过渡页面
2019-04-02 13:12:35,399 zlqqt_common.py[line:25] INFO 点击允许获取权限按钮...
2019-04-02 13:12:37,743 zlqqt_common.py[line:29] INFO permitBtn is not found!
2019-04-02 13:12:37,773 zlqqt_common.py[line:45] INFO click confirmBtn
2019-04-02 13:12:39,162 zlqqt_common.py[line:103] INFO 开始滑动
2019-04-02 13:12:43,719 zlqqt_common.py[line:112] INFO 点击立即体验
2019-04-02 13:12:49,736 test_click_bottom_tab.py[line:17] INFO 点击底部tab测试用例开始执行
2019-04-02 13:12:49,736 buttonTabView.py[line:28] INFO 点击交易...
2019-04-02 13:12:51,747 buttonTabView.py[line:23] INFO 点击行情...
2019-04-02 13:12:53,576 buttonTabView.py[line:18] INFO 点击首页...
2019-04-02 13:12:54,761 buttonTabView.py[line:33] INFO 点击账户...
2019-04-02 13:12:56,857 test_click_bottom_tab.py[line:31] INFO 点击恒生指数
2019-04-02 13:12:56,857 buttonTabView.py[line:23] INFO 点击行情...
2019-04-02 13:12:58,327 MarketMainPageView.py[line:33] INFO 点击恒生指数...
2019-04-02 13:47:50,598 run.py[line:23] INFO start run testcase...
2019-04-02 13:48:07,265 zlqqt_desired_caps.py[line:30] INFO ===================启动app，开始测试=======================
2019-04-02 13:48:07,265 myunit.py[line:33] INFO 启动app过渡页面
2019-04-02 13:48:07,265 zlqqt_common.py[line:25] INFO 点击允许获取权限按钮...
2019-04-02 13:48:09,852 zlqqt_common.py[line:29] INFO permitBtn is not found!
2019-04-02 13:48:09,877 zlqqt_common.py[line:45] INFO click confirmBtn
2019-04-02 13:48:11,257 zlqqt_common.py[line:103] INFO 开始滑动
2019-04-02 13:48:15,974 zlqqt_common.py[line:112] INFO 点击立即体验
2019-04-02 13:48:19,458 test_click_bottom_tab.py[line:16] INFO 点击底部tab测试用例开始执行
2019-04-02 13:48:19,458 buttonTabView.py[line:27] INFO 点击交易...
2019-04-02 13:48:21,102 buttonTabView.py[line:22] INFO 点击行情...
2019-04-02 13:48:22,847 buttonTabView.py[line:17] INFO 点击首页...
2019-04-02 13:48:24,127 buttonTabView.py[line:32] INFO 点击账户...
2019-04-02 13:48:25,755 test_click_bottom_tab.py[line:30] INFO 点击恒生指数
2019-04-02 13:48:25,756 buttonTabView.py[line:22] INFO 点击行情...
2019-04-02 13:48:27,313 MarketMainPageView.py[line:33] INFO 点击恒生指数...
